build/app/intermediates/manifest_merge_blame_file/release/manifest-merger-blame-release-report.txt
1<?xml version="1.0" encoding="utf-8"?>
2<manifest xmlns:android="http://schemas.android.com/apk/res/android"
3    package="com.example.proyecto"
4    android:versionCode="1"
5    android:versionName="1.0.0" >
6
7    <uses-sdk
8        android:minSdkVersion="20"
8-->src\main\AndroidManifest.xml
9        android:targetSdkVersion="33" />
9-->src\main\AndroidManifest.xml
10    <!-- Although the *SdkVersion is captured in gradle build files, this is required for non gradle builds -->
11    <!-- <uses-sdk android:minSdkVersion="14" /> -->
12    <uses-permission android:name="android.permission.ACCESS_NETWORK_STATE" />
12-->[com.google.firebase:firebase-firestore:24.7.0] AndroidManifest.xml:12:5-79
12-->[com.google.firebase:firebase-firestore:24.7.0] AndroidManifest.xml:12:22-76
13    <uses-permission android:name="android.permission.INTERNET" />
13-->[com.google.firebase:firebase-firestore:24.7.0] AndroidManifest.xml:13:5-67
13-->[com.google.firebase:firebase-firestore:24.7.0] AndroidManifest.xml:13:22-64
14
15    <uses-feature
15-->[com.google.android.gms:play-services-maps:18.1.0] AndroidManifest.xml:26:5-28:35
16        android:glEsVersion="0x00020000"
16-->[com.google.android.gms:play-services-maps:18.1.0] AndroidManifest.xml:27:9-41
17        android:required="true" />
17-->[com.google.android.gms:play-services-maps:18.1.0] AndroidManifest.xml:28:9-32
18
19    <queries>
19-->[com.google.android.gms:play-services-maps:18.1.0] AndroidManifest.xml:30:5-34:15
20
21        <!-- Needs to be explicitly declared on Android R+ -->
22        <package android:name="com.google.android.apps.maps" />
22-->[com.google.android.gms:play-services-maps:18.1.0] AndroidManifest.xml:33:9-64
22-->[com.google.android.gms:play-services-maps:18.1.0] AndroidManifest.xml:33:18-61
23    </queries>
24
25    <permission
25-->[androidx.core:core:1.9.0] AndroidManifest.xml:22:5-24:47
26        android:name="com.example.proyecto.DYNAMIC_RECEIVER_NOT_EXPORTED_PERMISSION"
26-->[androidx.core:core:1.9.0] AndroidManifest.xml:23:9-81
27        android:protectionLevel="signature" />
27-->[androidx.core:core:1.9.0] AndroidManifest.xml:24:9-44
28
29    <uses-permission android:name="com.example.proyecto.DYNAMIC_RECEIVER_NOT_EXPORTED_PERMISSION" />
29-->[androidx.core:core:1.9.0] AndroidManifest.xml:26:5-97
29-->[androidx.core:core:1.9.0] AndroidManifest.xml:26:22-94
30
31    <application
32        android:name="android.app.Application"
32-->src\main\AndroidManifest.xml:4:9-42
33        android:appComponentFactory="androidx.core.app.CoreComponentFactory"
33-->[androidx.core:core:1.9.0] AndroidManifest.xml:28:18-86
34        android:icon="@mipmap/ic_launcher"
34-->src\main\AndroidManifest.xml:5:9-43
35        android:label="proyecto" >
35-->src\main\AndroidManifest.xml:3:9-33
36        <activity
36-->src\main\AndroidManifest.xml:6:9-26:20
37            android:name="com.example.proyecto.MainActivity"
37-->src\main\AndroidManifest.xml:7:13-41
38            android:configChanges="orientation|keyboardHidden|keyboard|screenSize|smallestScreenSize|locale|layoutDirection|fontScale|screenLayout|density|uiMode"
38-->src\main\AndroidManifest.xml:11:13-163
39            android:exported="true"
39-->src\main\AndroidManifest.xml:8:13-36
40            android:hardwareAccelerated="true"
40-->src\main\AndroidManifest.xml:12:13-47
41            android:launchMode="singleTop"
41-->src\main\AndroidManifest.xml:9:13-43
42            android:theme="@style/LaunchTheme"
42-->src\main\AndroidManifest.xml:10:13-47
43            android:windowSoftInputMode="adjustResize" >
43-->src\main\AndroidManifest.xml:13:13-55
44
45            <!--
46                 Specifies an Android theme to apply to this Activity as soon as
47                 the Android process has started. This theme is visible to the user
48                 while the Flutter UI initializes. After that, this theme continues
49                 to determine the Window background behind the Flutter UI.
50            -->
51            <meta-data
51-->src\main\AndroidManifest.xml:18:13-21:17
52                android:name="io.flutter.embedding.android.NormalTheme"
52-->src\main\AndroidManifest.xml:19:15-70
53                android:resource="@style/NormalTheme" />
53-->src\main\AndroidManifest.xml:20:15-52
54
55            <intent-filter>
55-->src\main\AndroidManifest.xml:22:13-25:29
56                <action android:name="android.intent.action.MAIN" />
56-->src\main\AndroidManifest.xml:23:17-68
56-->src\main\AndroidManifest.xml:23:25-66
57
58                <category android:name="android.intent.category.LAUNCHER" />
58-->src\main\AndroidManifest.xml:24:17-76
58-->src\main\AndroidManifest.xml:24:27-74
59            </intent-filter>
60        </activity>
61        <!--
62             Don't delete the meta-data below.
63             This is used by the Flutter tool to generate GeneratedPluginRegistrant.java
64        -->
65        <meta-data
65-->src\main\AndroidManifest.xml:29:9-31:33
66            android:name="flutterEmbedding"
66-->src\main\AndroidManifest.xml:30:13-44
67            android:value="2" />
67-->src\main\AndroidManifest.xml:31:13-30
68
69        <service
69-->[:cloud_firestore] AndroidManifest.xml:10:9-14:19
70            android:name="com.google.firebase.components.ComponentDiscoveryService"
70-->[:cloud_firestore] AndroidManifest.xml:10:18-89
71            android:directBootAware="true"
71-->[com.google.firebase:firebase-common:20.3.3] AndroidManifest.xml:34:13-43
72            android:exported="false" >
72-->[com.google.firebase:firebase-firestore:24.7.0] AndroidManifest.xml:18:13-37
73            <meta-data
73-->[:cloud_firestore] AndroidManifest.xml:11:13-13:85
74                android:name="com.google.firebase.components:io.flutter.plugins.firebase.firestore.FlutterFirebaseFirestoreRegistrar"
74-->[:cloud_firestore] AndroidManifest.xml:12:17-134
75                android:value="com.google.firebase.components.ComponentRegistrar" />
75-->[:cloud_firestore] AndroidManifest.xml:13:17-82
76            <meta-data
76-->[:firebase_core] AndroidManifest.xml:11:13-13:85
77                android:name="com.google.firebase.components:io.flutter.plugins.firebase.core.FlutterFirebaseCoreRegistrar"
77-->[:firebase_core] AndroidManifest.xml:12:17-124
78                android:value="com.google.firebase.components.ComponentRegistrar" />
78-->[:firebase_core] AndroidManifest.xml:13:17-82
79            <meta-data
79-->[com.google.firebase:firebase-firestore:24.7.0] AndroidManifest.xml:19:13-21:85
80                android:name="com.google.firebase.components:com.google.firebase.firestore.FirestoreRegistrar"
80-->[com.google.firebase:firebase-firestore:24.7.0] AndroidManifest.xml:20:17-111
81                android:value="com.google.firebase.components.ComponentRegistrar" />
81-->[com.google.firebase:firebase-firestore:24.7.0] AndroidManifest.xml:21:17-82
82        </service>
83        <service
83-->[:geolocator_android] AndroidManifest.xml:10:9-14:56
84            android:name="com.baseflow.geolocator.GeolocatorLocationService"
84-->[:geolocator_android] AndroidManifest.xml:11:13-77
85            android:enabled="true"
85-->[:geolocator_android] AndroidManifest.xml:12:13-35
86            android:exported="false"
86-->[:geolocator_android] AndroidManifest.xml:13:13-37
87            android:foregroundServiceType="location" />
87-->[:geolocator_android] AndroidManifest.xml:14:13-53
88
89        <uses-library
89-->[androidx.window:window:1.0.0-beta04] AndroidManifest.xml:25:9-27:40
90            android:name="androidx.window.extensions"
90-->[androidx.window:window:1.0.0-beta04] AndroidManifest.xml:26:13-54
91            android:required="false" />
91-->[androidx.window:window:1.0.0-beta04] AndroidManifest.xml:27:13-37
92        <uses-library
92-->[androidx.window:window:1.0.0-beta04] AndroidManifest.xml:28:9-30:40
93            android:name="androidx.window.sidecar"
93-->[androidx.window:window:1.0.0-beta04] AndroidManifest.xml:29:13-51
94            android:required="false" />
94-->[androidx.window:window:1.0.0-beta04] AndroidManifest.xml:30:13-37
95
96        <provider
96-->[com.google.firebase:firebase-common:20.3.3] AndroidManifest.xml:25:9-30:39
97            android:name="com.google.firebase.provider.FirebaseInitProvider"
97-->[com.google.firebase:firebase-common:20.3.3] AndroidManifest.xml:26:13-77
98            android:authorities="com.example.proyecto.firebaseinitprovider"
98-->[com.google.firebase:firebase-common:20.3.3] AndroidManifest.xml:27:13-72
99            android:directBootAware="true"
99-->[com.google.firebase:firebase-common:20.3.3] AndroidManifest.xml:28:13-43
100            android:exported="false"
100-->[com.google.firebase:firebase-common:20.3.3] AndroidManifest.xml:29:13-37
101            android:initOrder="100" /> <!-- Needs to be explicitly declared on P+ -->
101-->[com.google.firebase:firebase-common:20.3.3] AndroidManifest.xml:30:13-36
102        <uses-library
102-->[com.google.android.gms:play-services-maps:18.1.0] AndroidManifest.xml:39:9-41:40
103            android:name="org.apache.http.legacy"
103-->[com.google.android.gms:play-services-maps:18.1.0] AndroidManifest.xml:40:13-50
104            android:required="false" />
104-->[com.google.android.gms:play-services-maps:18.1.0] AndroidManifest.xml:41:13-37
105
106        <activity
106-->[com.google.android.gms:play-services-base:18.1.0] AndroidManifest.xml:20:9-22:45
107            android:name="com.google.android.gms.common.api.GoogleApiActivity"
107-->[com.google.android.gms:play-services-base:18.1.0] AndroidManifest.xml:20:19-85
108            android:exported="false"
108-->[com.google.android.gms:play-services-base:18.1.0] AndroidManifest.xml:22:19-43
109            android:theme="@android:style/Theme.Translucent.NoTitleBar" />
109-->[com.google.android.gms:play-services-base:18.1.0] AndroidManifest.xml:21:19-78
110
111        <meta-data
111-->[com.google.android.gms:play-services-basement:18.1.0] AndroidManifest.xml:21:9-23:69
112            android:name="com.google.android.gms.version"
112-->[com.google.android.gms:play-services-basement:18.1.0] AndroidManifest.xml:22:13-58
113            android:value="@integer/google_play_services_version" />
113-->[com.google.android.gms:play-services-basement:18.1.0] AndroidManifest.xml:23:13-66
114    </application>
115
116</manifest>